<?xml version="1.0" encoding="UTF-8"?>
<!-- Generated by org.testng.reporters.JUnitReportReporter -->
<testsuite skipped="0" hostname="ESL008" name="com.automationcalling.testsuites.BasicTests" tests="4" failures="0" timestamp="24 Jul 2019 06:33:21 GMT" time="32.741" errors="0">
  <testcase name="articleLinkTest" time="7.072" classname="com.automationcalling.testsuites.BasicTests"/>
  <testcase name="articleLinkTest" time="9.199" classname="com.automationcalling.testsuites.BasicTests"/>
  <testcase name="articleLinkTest" time="3.412" classname="com.automationcalling.testsuites.BasicTests"/>
  <testcase name="articleLinkTest" time="13.058" classname="com.automationcalling.testsuites.BasicTests"/>
</testsuite> <!-- com.automationcalling.testsuites.BasicTests -->
